2022-07-05 19:51:23 INFO  ProyectoU2WcApplication:68 - Buscar persona: Persona [id = 3, nombre = Pablo, apellido = Perez]
2022-07-05 19:52:48 INFO  ProyectoU2WcApplication:68 - Buscar persona: Persona [id = 3, nombre = Pablo, apellido = Perez, genero = M, cedula = 2394864]
2022-07-05 20:07:48 INFO  ProyectoU2WcApplication:68 - Buscar persona: Persona [id = 3, nombre = Pablo, apellido = Perez, genero = M, cedula = 2394864]
2022-07-05 20:07:48 INFO  ProyectoU2WcApplication:73 - Persona: Persona [id = 1, nombre = Pepito14, apellido = Perez, genero = null, cedula = null]
2022-07-05 20:07:48 INFO  ProyectoU2WcApplication:73 - Persona: Persona [id = 2, nombre = Pepito14, apellido = Perez, genero = M, cedula = 1732664]
2022-07-05 20:07:48 INFO  ProyectoU2WcApplication:73 - Persona: Persona [id = 3, nombre = Pablo, apellido = Perez, genero = M, cedula = 2394864]
2022-07-08 14:15:59 INFO  ProyectoU2WcApplication:62 - Buscar persona: Persona [id = 3, nombre = Pablo, apellido = Perez, genero = M, cedula = 2394864]
2022-07-08 14:15:59 INFO  ProyectoU2WcApplication:67 - Persona: Persona [id = 1, nombre = Pepito14, apellido = Perez, genero = null, cedula = null]
2022-07-08 14:15:59 INFO  ProyectoU2WcApplication:67 - Persona: Persona [id = 2, nombre = Pepito14, apellido = Perez, genero = M, cedula = 1732664]
2022-07-08 14:15:59 INFO  ProyectoU2WcApplication:67 - Persona: Persona [id = 3, nombre = Pablo, apellido = Perez, genero = M, cedula = 2394864]
2022-07-08 14:15:59 INFO  ProyectoU2WcApplication:73 - Persona: Persona [id = 1, nombre = Pepito14, apellido = Perez, genero = null, cedula = null]
2022-07-08 14:15:59 INFO  ProyectoU2WcApplication:73 - Persona: Persona [id = 2, nombre = Pepito14, apellido = Perez, genero = M, cedula = 1732664]
2022-07-08 14:18:22 INFO  ProyectoU2WcApplication:62 - Buscar persona: Persona [id = 3, nombre = Pablo, apellido = Perez, genero = M, cedula = 2394864]
2022-07-08 14:18:22 INFO  ProyectoU2WcApplication:67 - Persona: Persona [id = 1, nombre = Pepito14, apellido = Perez, genero = null, cedula = null]
2022-07-08 14:18:22 INFO  ProyectoU2WcApplication:67 - Persona: Persona [id = 2, nombre = Pepito14, apellido = Perez, genero = M, cedula = 1732664]
2022-07-08 14:18:22 INFO  ProyectoU2WcApplication:67 - Persona: Persona [id = 3, nombre = Pablo, apellido = Perez, genero = M, cedula = 2394864]
2022-07-08 14:18:22 INFO  ProyectoU2WcApplication:73 - Persona: Persona [id = 1, nombre = Pepito14, apellido = Perez, genero = null, cedula = null]
2022-07-08 14:18:22 INFO  ProyectoU2WcApplication:73 - Persona: Persona [id = 2, nombre = Pepito14, apellido = Perez, genero = M, cedula = 1732664]
2022-07-08 14:18:22 INFO  ProyectoU2WcApplication:80 - Persona: Persona [id = 2, nombre = Pepito14, apellido = Perez, genero = M, cedula = 1732664]
2022-07-08 14:18:22 INFO  ProyectoU2WcApplication:80 - Persona: Persona [id = 3, nombre = Pablo, apellido = Perez, genero = M, cedula = 2394864]
2022-07-08 14:18:56 INFO  ProyectoU2WcApplication:62 - Buscar persona: Persona [id = 3, nombre = Pablo, apellido = Perez, genero = M, cedula = 2394864]
2022-07-08 14:18:56 INFO  ProyectoU2WcApplication:67 - Persona: Persona [id = 1, nombre = Pepito14, apellido = Perez, genero = null, cedula = null]
2022-07-08 14:18:56 INFO  ProyectoU2WcApplication:67 - Persona: Persona [id = 2, nombre = Pepito14, apellido = Perez, genero = M, cedula = 1732664]
2022-07-08 14:18:56 INFO  ProyectoU2WcApplication:67 - Persona: Persona [id = 3, nombre = Pablo, apellido = Perez, genero = M, cedula = 2394864]
2022-07-08 14:18:57 INFO  ProyectoU2WcApplication:73 - Persona: Persona [id = 1, nombre = Pepito14, apellido = Perez, genero = null, cedula = null]
2022-07-08 14:18:57 INFO  ProyectoU2WcApplication:73 - Persona: Persona [id = 2, nombre = Pepito14, apellido = Perez, genero = M, cedula = 1732664]
2022-07-08 14:19:25 INFO  ProyectoU2WcApplication:62 - Buscar persona: Persona [id = 3, nombre = Pablo, apellido = Perez, genero = M, cedula = 2394864]
2022-07-08 14:19:25 INFO  ProyectoU2WcApplication:67 - Persona: Persona [id = 1, nombre = Pepito14, apellido = Perez, genero = null, cedula = null]
2022-07-08 14:19:25 INFO  ProyectoU2WcApplication:67 - Persona: Persona [id = 2, nombre = Pepito14, apellido = Perez, genero = M, cedula = 1732664]
2022-07-08 14:19:25 INFO  ProyectoU2WcApplication:67 - Persona: Persona [id = 3, nombre = Pablo, apellido = Perez, genero = M, cedula = 2394864]
2022-07-08 14:19:25 INFO  ProyectoU2WcApplication:73 - Persona: Persona [id = 1, nombre = Pepito14, apellido = Perez, genero = null, cedula = null]
2022-07-08 14:19:25 INFO  ProyectoU2WcApplication:73 - Persona: Persona [id = 2, nombre = Pepito14, apellido = Perez, genero = M, cedula = 1732664]
2022-07-08 14:20:12 INFO  ProyectoU2WcApplication:62 - Buscar persona: Persona [id = 3, nombre = Pablo, apellido = Perez, genero = M, cedula = 2394864]
2022-07-08 14:20:12 INFO  ProyectoU2WcApplication:67 - Persona: Persona [id = 1, nombre = Pepito14, apellido = Perez, genero = null, cedula = null]
2022-07-08 14:20:12 INFO  ProyectoU2WcApplication:67 - Persona: Persona [id = 2, nombre = Pepito14, apellido = Perez, genero = M, cedula = 1732664]
2022-07-08 14:20:12 INFO  ProyectoU2WcApplication:67 - Persona: Persona [id = 3, nombre = Pablo, apellido = Perez, genero = M, cedula = 2394864]
2022-07-08 14:20:12 INFO  ProyectoU2WcApplication:73 - Persona: Persona [id = 1, nombre = Pepito14, apellido = Perez, genero = null, cedula = null]
2022-07-08 14:20:12 INFO  ProyectoU2WcApplication:73 - Persona: Persona [id = 2, nombre = Pepito14, apellido = Perez, genero = M, cedula = 1732664]
2022-07-08 14:20:12 INFO  ProyectoU2WcApplication:80 - Persona: Persona [id = 2, nombre = Pepito14, apellido = Perez, genero = M, cedula = 1732664]
2022-07-08 14:20:12 INFO  ProyectoU2WcApplication:80 - Persona: Persona [id = 3, nombre = Pablo, apellido = Perez, genero = M, cedula = 2394864]
2022-07-08 14:21:56 INFO  ProyectoU2WcApplication:62 - Buscar persona: Persona [id = 3, nombre = Pablo, apellido = Perez, genero = M, cedula = 2394864]
2022-07-08 14:21:56 INFO  ProyectoU2WcApplication:67 - Persona: Persona [id = 1, nombre = Pepito14, apellido = Perez, genero = null, cedula = null]
2022-07-08 14:21:56 INFO  ProyectoU2WcApplication:67 - Persona: Persona [id = 2, nombre = Pepito14, apellido = Perez, genero = M, cedula = 1732664]
2022-07-08 14:21:56 INFO  ProyectoU2WcApplication:67 - Persona: Persona [id = 3, nombre = Pablo, apellido = Perez, genero = M, cedula = 2394864]
2022-07-08 14:21:56 INFO  ProyectoU2WcApplication:73 - Persona: Persona [id = 1, nombre = Pepito14, apellido = Perez, genero = null, cedula = null]
2022-07-08 14:21:56 INFO  ProyectoU2WcApplication:73 - Persona: Persona [id = 2, nombre = Pepito14, apellido = Perez, genero = M, cedula = 1732664]
2022-07-08 14:21:56 INFO  ProyectoU2WcApplication:80 - Persona: Persona [id = 4, nombre = Dana, apellido = Velez, genero = F, cedula = 13343590]
